
> vite_react_shadcn_ts@0.0.0 test
> vitest run --run


[1m[46m RUN [49m[22m [36mv4.0.18 [39m[90mD:/Projetos/Controle-CMCB-XI-main[39m

 [31mÔØ»[39m src/test/hooks/use-entity-transactions.test.tsx [2m([22m[2m1 test[22m[2m | [22m[31m1 failed[39m[2m)[22m[32m 150[2mms[22m[39m
[31m     [31m├ù[31m should filter and map ledger transactions correctly (including migrated ones)[39m[32m 144[2mms[22m[39m
node.exe : [90mstderr[2m | 
src/test/components/GastoAssociacaoDialog.test.tsx[2m > 
[22m[2mGastoAssociacaoDialog component[2m > 
[22m[2mshould render correctly when open
No linha:1 caractere:1
+ & "D:\Arquivos de Programa\NodeJS/node.exe" 
"D:\Arquivos de Programa\ ...
+ ~~~~~~~~~~~~~~~~~~~~~~~~~~~~~~~~~~~~~~~~~~~~~~~~~~~~~~~
~~~~~~~~~~~~~~
    + CategoryInfo          : NotSpecified: 
([90mstderr[2m.    ..ectly when open:String) [], 
RemoteException
    + FullyQualifiedErrorId : NativeCommandError
 
[22m[39mWarning: Missing `Description` or 
`aria-describedby={undefined}` for {DialogContent}.

[90mstderr[2m | 
src/test/components/MovimentarSaldoDialog.test.tsx[2m > 
[22m[2mMovimentarSaldoDialog component[2m > 
[22m[2mshould render correctly when open
[22m[39mWarning: Missing `Description` or 
`aria-describedby={undefined}` for {DialogContent}.

[90mstderr[2m | 
src/test/components/MovimentarSaldoDialog.test.tsx[2m > 
[22m[2mMovimentarSaldoDialog component[2m > 
[22m[2mshould show impact preview correctly
[22m[39mWarning: Missing `Description` or 
`aria-describedby={undefined}` for {DialogContent}.

[90mstderr[2m | 
src/test/components/AjustarSaldoDialog.test.tsx[2m > 
[22m[2mAjustarSaldoDialog component[2m > 
[22m[2mshould render correctly when open
[22m[39mWarning: Missing `Description` or 
`aria-describedby={undefined}` for {DialogContent}.

[90mstderr[2m | 
src/test/components/GastoAssociacaoDialog.test.tsx[2m > 
[22m[2mGastoAssociacaoDialog component[2m > 
[22m[2mshould handle adding and removing batch items
[22m[39mWarning: Missing `Description` or 
`aria-describedby={undefined}` for {DialogContent}.

[90mstderr[2m | 
src/test/components/EntradaRecursoDialog.test.tsx[2m > 
[22m[2mEntradaRecursoDialog component[2m > 
[22m[2mshould render correctly when open
[22m[39mWarning: Missing `Description` or 
`aria-describedby={undefined}` for {DialogContent}.

[90mstderr[2m | 
src/test/components/ConsumoSaldoDialog.test.tsx[2m > 
[22m[2mConsumoSaldoDialog component[2m > 
[22m[2mshould render correctly when open
[22m[39mWarning: Missing `Description` or 
`aria-describedby={undefined}` for {DialogContent}.

[90mstderr[2m | 
src/test/components/AjustarSaldoDialog.test.tsx[2m > 
[22m[2mAjustarSaldoDialog component[2m > 
[22m[2mshould calculate final balance when adjustment 
is entered
[22m[39mWarning: Missing `Description` or 
`aria-describedby={undefined}` for {DialogContent}.

Error: Uncaught [Error: useAuth must be used within an 
AuthProvider]
    at reportException (D:\Projetos\Controle-CMCB-XI-main
\node_modules\jsdom\lib\jsdom\living\helpers\runtime-scri
pt-errors.js:66:24)
    at innerInvokeEventListeners (D:\Projetos\Controle-CM
CB-XI-main\node_modules\jsdom\lib\jsdom\living\events\Eve
ntTarget-impl.js:353:9)
    at invokeEventListeners (D:\Projetos\Controle-CMCB-XI
-main\node_modules\jsdom\lib\jsdom\living\events\EventTar
get-impl.js:286:3)
    at HTMLUnknownElementImpl._dispatch (D:\Projetos\Cont
role-CMCB-XI-main\node_modules\jsdom\lib\jsdom\living\eve
nts\EventTarget-impl.js:233:9)
    at HTMLUnknownElementImpl.dispatchEvent (D:\Projetos\
Controle-CMCB-XI-main\node_modules\jsdom\lib\jsdom\living
\events\EventTarget-impl.js:104:17)
    at HTMLUnknownElement.dispatchEvent (D:\Projetos\Cont
role-CMCB-XI-main\node_modules\jsdom\lib\jsdom\living\gen
erated\EventTarget.js:241:34)
    at Object.invokeGuardedCallbackDev (D:\Projetos\Contr
ole-CMCB-XI-main\node_modules\react-dom\cjs\react-dom.dev
elopment.js:4213:16)
    at invokeGuardedCallback (D:\Projetos\Controle-CMCB-X
I-main\node_modules\react-dom\cjs\react-dom.development.j
s:4277:31)
    at beginWork$1 (D:\Projetos\Controle-CMCB-XI-main\nod
e_modules\react-dom\cjs\react-dom.development.js:27490:7)
    at performUnitOfWork (D:\Projetos\Controle-CMCB-XI-ma
in\node_modules\react-dom\cjs\react-dom.development.js:26
599:12) Error: useAuth must be used within an 
AuthProvider
    at useAuth (D:/Projetos/Controle-CMCB-XI-main/src/con
texts/AuthContext.tsx:139:11)
    at useTransactionItems (D:/Projetos/Controle-CMCB-XI-
main/src/hooks/use-pix-batch.ts:107:30)
    at TransactionItemsDialog (D:/Projetos/Controle-CMCB-
XI-main/src/components/transactions/TransactionItemsDialo
g.tsx:27:40)
    at renderWithHooks (D:\Projetos\Controle-CMCB-XI-main
\node_modules\react-dom\cjs\react-dom.development.js:1548
6:18)
    at mountIndeterminateComponent (D:\Projetos\Controle-
CMCB-XI-main\node_modules\react-dom\cjs\react-dom.develop
ment.js:20103:13)
    at beginWork (D:\Projetos\Controle-CMCB-XI-main\node_
modules\react-dom\cjs\react-dom.development.js:21626:16)
    at HTMLUnknownElement.callCallback (D:\Projetos\Contr
ole-CMCB-XI-main\node_modules\react-dom\cjs\react-dom.dev
elopment.js:4164:14)
    at HTMLUnknownElement.callTheUserObjectsOperation (D:
\Projetos\Controle-CMCB-XI-main\node_modules\jsdom\lib\js
dom\living\generated\EventListener.js:26:30)
    at innerInvokeEventListeners (D:\Projetos\Controle-CM
CB-XI-main\node_modules\jsdom\lib\jsdom\living\events\Eve
ntTarget-impl.js:350:25)
    at invokeEventListeners (D:\Projetos\Controle-CMCB-XI
-main\node_modules\jsdom\lib\jsdom\living\events\EventTar
get-impl.js:286:3)
[90mstderr[2m | 
src/test/components/GastoAssociacaoDialog.test.tsx[2m > 
[22m[2mGastoAssociacaoDialog component[2m > 
[22m[2mshould call createLedgerTransaction for valid 
items on submit
[22m[39mWarning: Missing `Description` or 
`aria-describedby={undefined}` for {DialogContent}.

Error: Uncaught [Error: useAuth must be used within an 
AuthProvider]
    at reportException (D:\Projetos\Controle-CMCB-XI-main
\node_modules\jsdom\lib\jsdom\living\helpers\runtime-scri
pt-errors.js:66:24)
    at innerInvokeEventListeners (D:\Projetos\Controle-CM
CB-XI-main\node_modules\jsdom\lib\jsdom\living\events\Eve
ntTarget-impl.js:353:9)
    at invokeEventListeners (D:\Projetos\Controle-CMCB-XI
-main\node_modules\jsdom\lib\jsdom\living\events\EventTar
get-impl.js:286:3)
    at HTMLUnknownElementImpl._dispatch (D:\Projetos\Cont
role-CMCB-XI-main\node_modules\jsdom\lib\jsdom\living\eve
nts\EventTarget-impl.js:233:9)
    at HTMLUnknownElementImpl.dispatchEvent (D:\Projetos\
Controle-CMCB-XI-main\node_modules\jsdom\lib\jsdom\living
\events\EventTarget-impl.js:104:17)
    at HTMLUnknownElement.dispatchEvent (D:\Projetos\Cont
role-CMCB-XI-main\node_modules\jsdom\lib\jsdom\living\gen
erated\EventTarget.js:241:34)
    at Object.invokeGuardedCallbackDev (D:\Projetos\Contr
ole-CMCB-XI-main\node_modules\react-dom\cjs\react-dom.dev
elopment.js:4213:16)
    at invokeGuardedCallback (D:\Projetos\Controle-CMCB-X
I-main\node_modules\react-dom\cjs\react-dom.development.j
s:4277:31)
    at beginWork$1 (D:\Projetos\Controle-CMCB-XI-main\nod
e_modules\react-dom\cjs\react-dom.development.js:27490:7)
    at performUnitOfWork (D:\Projetos\Controle-CMCB-XI-ma
in\node_modules\react-dom\cjs\react-dom.development.js:26
599:12) Error: useAuth must be used within an 
AuthProvider
    at useAuth (D:/Projetos/Controle-CMCB-XI-main/src/con
texts/AuthContext.tsx:139:11)
    at useTransactionItems (D:/Projetos/Controle-CMCB-XI-
main/src/hooks/use-pix-batch.ts:107:30)
    at TransactionItemsDialog (D:/Projetos/Controle-CMCB-
XI-main/src/components/transactions/TransactionItemsDialo
g.tsx:27:40)
    at renderWithHooks (D:\Projetos\Controle-CMCB-XI-main
\node_modules\react-dom\cjs\react-dom.development.js:1548
6:18)
    at mountIndeterminateComponent (D:\Projetos\Controle-
CMCB-XI-main\node_modules\react-dom\cjs\react-dom.develop
ment.js:20103:13)
    at beginWork (D:\Projetos\Controle-CMCB-XI-main\node_
modules\react-dom\cjs\react-dom.development.js:21626:16)
    at HTMLUnknownElement.callCallback (D:\Projetos\Contr
ole-CMCB-XI-main\node_modules\react-dom\cjs\react-dom.dev
elopment.js:4164:14)
    at HTMLUnknownElement.callTheUserObjectsOperation (D:
\Projetos\Controle-CMCB-XI-main\node_modules\jsdom\lib\js
dom\living\generated\EventListener.js:26:30)
    at innerInvokeEventListeners (D:\Projetos\Controle-CM
CB-XI-main\node_modules\jsdom\lib\jsdom\living\events\Eve
ntTarget-impl.js:350:25)
    at invokeEventListeners (D:\Projetos\Controle-CMCB-XI
-main\node_modules\jsdom\lib\jsdom\living\events\EventTar
get-impl.js:286:3)
[90mstderr[2m | 
src/test/pages/RelatoriosPage.test.tsx[2m > 
[22m[2mRelatoriosPage integration[2m > 
[22m[2mshould render page header and date controls
[22m[39mThe above error occurred in the 
<TransactionItemsDialog> component:

    at TransactionItemsDialog (D:/Projetos/Controle-CMCB-
XI-main/src/components/transactions/TransactionItemsDialo
g.tsx:16:35)
    at div
    at TransactionTable (D:/Projetos/Controle-CMCB-XI-mai
n/src/components/transactions/TransactionTable.tsx:20:29)
    at div
    at D:/Projetos/Controle-CMCB-XI-main/src/components/u
i/card.tsx:53:71
    at div
    at D:/Projetos/Controle-CMCB-XI-main/src/components/u
i/card.tsx:13:64
    at div
    at div
    at div
    at DashboardLayout (D:/Projetos/Controle-CMCB-XI-main
/src/test/pages/RelatoriosPage.test.tsx:16:29)
    at RelatoriosPage (D:/Projetos/Controle-CMCB-XI-main/
src/pages/RelatoriosPage.tsx:40:73)
    at QueryClientProvider (file:///D:/Projetos/Controle-
CMCB-XI-main/node_modules/@tanstack/react-query/build/mod
ern/QueryClientProvider.js:20:3)
    at D:/Projetos/Controle-CMCB-XI-main/src/test/pages/R
elatoriosPage.test.tsx:65:15

Consider adding an error boundary to your tree to 
customize error handling behavior.
Visit https://reactjs.org/link/error-boundaries to learn 
more about error boundaries.

[90mstderr[2m | 
src/test/components/EntradaRecursoDialog.test.tsx[2m > 
[22m[2mEntradaRecursoDialog component[2m > 
[22m[2mshould call onSubmit when clicking 'Registrar 
Entrada'
[22m[39mWarning: Missing `Description` or 
`aria-describedby={undefined}` for {DialogContent}.

[90mstderr[2m | 
src/test/components/MovimentarSaldoDialog.test.tsx[2m > 
[22m[2mMovimentarSaldoDialog component[2m > 
[22m[2mshould open confirmation dialog on click
[22m[39mWarning: Missing `Description` or 
`aria-describedby={undefined}` for {DialogContent}.

Error: Uncaught [Error: useAuth must be used within an 
AuthProvider]
    at reportException (D:\Projetos\Controle-CMCB-XI-main
\node_modules\jsdom\lib\jsdom\living\helpers\runtime-scri
pt-errors.js:66:24)
    at innerInvokeEventListeners (D:\Projetos\Controle-CM
CB-XI-main\node_modules\jsdom\lib\jsdom\living\events\Eve
ntTarget-impl.js:353:9)
    at invokeEventListeners (D:\Projetos\Controle-CMCB-XI
-main\node_modules\jsdom\lib\jsdom\living\events\EventTar
get-impl.js:286:3)
    at HTMLUnknownElementImpl._dispatch (D:\Projetos\Cont
role-CMCB-XI-main\node_modules\jsdom\lib\jsdom\living\eve
nts\EventTarget-impl.js:233:9)
    at HTMLUnknownElementImpl.dispatchEvent (D:\Projetos\
Controle-CMCB-XI-main\node_modules\jsdom\lib\jsdom\living
\events\EventTarget-impl.js:104:17)
    at HTMLUnknownElement.dispatchEvent (D:\Projetos\Cont
role-CMCB-XI-main\node_modules\jsdom\lib\jsdom\living\gen
erated\EventTarget.js:241:34)
    at Object.invokeGuardedCallbackDev (D:\Projetos\Contr
ole-CMCB-XI-main\node_modules\react-dom\cjs\react-dom.dev
elopment.js:4213:16)
    at invokeGuardedCallback (D:\Projetos\Controle-CMCB-X
I-main\node_modules\react-dom\cjs\react-dom.development.j
s:4277:31)
    at beginWork$1 (D:\Projetos\Controle-CMCB-XI-main\nod
e_modules\react-dom\cjs\react-dom.development.js:27490:7)
    at performUnitOfWork (D:\Projetos\Controle-CMCB-XI-ma
in\node_modules\react-dom\cjs\react-dom.development.js:26
599:12) Error: useAuth must be used within an 
AuthProvider
    at useAuth (D:/Projetos/Controle-CMCB-XI-main/src/con
texts/AuthContext.tsx:139:11)
    at useTransactionItems (D:/Projetos/Controle-CMCB-XI-
main/src/hooks/use-pix-batch.ts:107:30)
    at TransactionItemsDialog (D:/Projetos/Controle-CMCB-
XI-main/src/components/transactions/TransactionItemsDialo
g.tsx:27:40)
    at renderWithHooks (D:\Projetos\Controle-CMCB-XI-main
\node_modules\react-dom\cjs\react-dom.development.js:1548
6:18)
    at mountIndeterminateComponent (D:\Projetos\Controle-
CMCB-XI-main\node_modules\react-dom\cjs\react-dom.develop
ment.js:20103:13)
    at beginWork (D:\Projetos\Controle-CMCB-XI-main\node_
modules\react-dom\cjs\react-dom.development.js:21626:16)
    at HTMLUnknownElement.callCallback (D:\Projetos\Contr
ole-CMCB-XI-main\node_modules\react-dom\cjs\react-dom.dev
elopment.js:4164:14)
    at HTMLUnknownElement.callTheUserObjectsOperation (D:
\Projetos\Controle-CMCB-XI-main\node_modules\jsdom\lib\js
dom\living\generated\EventListener.js:26:30)
    at innerInvokeEventListeners (D:\Projetos\Controle-CM
CB-XI-main\node_modules\jsdom\lib\jsdom\living\events\Eve
ntTarget-impl.js:350:25)
    at invokeEventListeners (D:\Projetos\Controle-CMCB-XI
-main\node_modules\jsdom\lib\jsdom\living\events\EventTar
get-impl.js:286:3)
[90mstderr[2m | 
src/test/components/AporteSaldoDialog.test.tsx[2m > 
[22m[2mAporteSaldoDialog component[2m > 
[22m[2mshould render correctly when open
[22m[39mWarning: Missing `Description` or 
`aria-describedby={undefined}` for {DialogContent}.

Error: Uncaught [Error: useAuth must be used within an 
AuthProvider]
    at reportException (D:\Projetos\Controle-CMCB-XI-main
\node_modules\jsdom\lib\jsdom\living\helpers\runtime-scri
pt-errors.js:66:24)
    at innerInvokeEventListeners (D:\Projetos\Controle-CM
CB-XI-main\node_modules\jsdom\lib\jsdom\living\events\Eve
ntTarget-impl.js:353:9)
    at invokeEventListeners (D:\Projetos\Controle-CMCB-XI
-main\node_modules\jsdom\lib\jsdom\living\events\EventTar
get-impl.js:286:3)
    at HTMLUnknownElementImpl._dispatch (D:\Projetos\Cont
role-CMCB-XI-main\node_modules\jsdom\lib\jsdom\living\eve
nts\EventTarget-impl.js:233:9)
    at HTMLUnknownElementImpl.dispatchEvent (D:\Projetos\
Controle-CMCB-XI-main\node_modules\jsdom\lib\jsdom\living
\events\EventTarget-impl.js:104:17)
    at HTMLUnknownElement.dispatchEvent (D:\Projetos\Cont
role-CMCB-XI-main\node_modules\jsdom\lib\jsdom\living\gen
erated\EventTarget.js:241:34)
    at Object.invokeGuardedCallbackDev (D:\Projetos\Contr
ole-CMCB-XI-main\node_modules\react-dom\cjs\react-dom.dev
elopment.js:4213:16)
    at invokeGuardedCallback (D:\Projetos\Controle-CMCB-X
I-main\node_modules\react-dom\cjs\react-dom.development.j
s:4277:31)
    at beginWork$1 (D:\Projetos\Controle-CMCB-XI-main\nod
e_modules\react-dom\cjs\react-dom.development.js:27490:7)
    at performUnitOfWork (D:\Projetos\Controle-CMCB-XI-ma
in\node_modules\react-dom\cjs\react-dom.development.js:26
599:12) Error: useAuth must be used within an 
AuthProvider
    at useAuth (D:/Projetos/Controle-CMCB-XI-main/src/con
texts/AuthContext.tsx:139:11)
    at useTransactionItems (D:/Projetos/Controle-CMCB-XI-
main/src/hooks/use-pix-batch.ts:107:30)
    at TransactionItemsDialog (D:/Projetos/Controle-CMCB-
XI-main/src/components/transactions/TransactionItemsDialo
g.tsx:27:40)
    at renderWithHooks (D:\Projetos\Controle-CMCB-XI-main
\node_modules\react-dom\cjs\react-dom.development.js:1548
6:18)
    at mountIndeterminateComponent (D:\Projetos\Controle-
CMCB-XI-main\node_modules\react-dom\cjs\react-dom.develop
ment.js:20103:13)
    at beginWork (D:\Projetos\Controle-CMCB-XI-main\node_
modules\react-dom\cjs\react-dom.development.js:21626:16)
    at HTMLUnknownElement.callCallback (D:\Projetos\Contr
ole-CMCB-XI-main\node_modules\react-dom\cjs\react-dom.dev
elopment.js:4164:14)
    at HTMLUnknownElement.callTheUserObjectsOperation (D:
\Projetos\Controle-CMCB-XI-main\node_modules\jsdom\lib\js
dom\living\generated\EventListener.js:26:30)
    at innerInvokeEventListeners (D:\Projetos\Controle-CM
CB-XI-main\node_modules\jsdom\lib\jsdom\living\events\Eve
ntTarget-impl.js:350:25)
    at invokeEventListeners (D:\Projetos\Controle-CMCB-XI
-main\node_modules\jsdom\lib\jsdom\living\events\EventTar
get-impl.js:286:3)
[90mstderr[2m | 
src/test/pages/RelatoriosPage.test.tsx[2m > 
[22m[2mRelatoriosPage integration[2m > 
[22m[2mshould render report preview section
[22m[39mThe above error occurred in the 
<TransactionItemsDialog> component:

    at TransactionItemsDialog (D:/Projetos/Controle-CMCB-
XI-main/src/components/transactions/TransactionItemsDialo
g.tsx:16:35)
    at div
    at TransactionTable (D:/Projetos/Controle-CMCB-XI-mai
n/src/components/transactions/TransactionTable.tsx:20:29)
    at div
    at D:/Projetos/Controle-CMCB-XI-main/src/components/u
i/card.tsx:53:71
    at div
    at D:/Projetos/Controle-CMCB-XI-main/src/components/u
i/card.tsx:13:64
    at div
    at div
    at div
    at DashboardLayout (D:/Projetos/Controle-CMCB-XI-main
/src/test/pages/RelatoriosPage.test.tsx:16:29)
    at RelatoriosPage (D:/Projetos/Controle-CMCB-XI-main/
src/pages/RelatoriosPage.tsx:40:73)
    at QueryClientProvider (file:///D:/Projetos/Controle-
CMCB-XI-main/node_modules/@tanstack/react-query/build/mod
ern/QueryClientProvider.js:20:3)
    at D:/Projetos/Controle-CMCB-XI-main/src/test/pages/R
elatoriosPage.test.tsx:65:15

Consider adding an error boundary to your tree to 
customize error handling behavior.
Visit https://reactjs.org/link/error-boundaries to learn 
more about error boundaries.

Error: Uncaught [Error: useAuth must be used within an 
AuthProvider]
    at reportException (D:\Projetos\Controle-CMCB-XI-main
\node_modules\jsdom\lib\jsdom\living\helpers\runtime-scri
pt-errors.js:66:24)
    at innerInvokeEventListeners (D:\Projetos\Controle-CM
CB-XI-main\node_modules\jsdom\lib\jsdom\living\events\Eve
ntTarget-impl.js:353:9)
    at invokeEventListeners (D:\Projetos\Controle-CMCB-XI
-main\node_modules\jsdom\lib\jsdom\living\events\EventTar
get-impl.js:286:3)
    at HTMLUnknownElementImpl._dispatch (D:\Projetos\Cont
role-CMCB-XI-main\node_modules\jsdom\lib\jsdom\living\eve
nts\EventTarget-impl.js:233:9)
    at HTMLUnknownElementImpl.dispatchEvent (D:\Projetos\
Controle-CMCB-XI-main\node_modules\jsdom\lib\jsdom\living
\events\EventTarget-impl.js:104:17)
    at HTMLUnknownElement.dispatchEvent (D:\Projetos\Cont
role-CMCB-XI-main\node_modules\jsdom\lib\jsdom\living\gen
erated\EventTarget.js:241:34)
    at Object.invokeGuardedCallbackDev (D:\Projetos\Contr
ole-CMCB-XI-main\node_modules\react-dom\cjs\react-dom.dev
elopment.js:4213:16)
    at invokeGuardedCallback (D:\Projetos\Controle-CMCB-X
I-main\node_modules\react-dom\cjs\react-dom.development.j
s:4277:31)
    at beginWork$1 (D:\Projetos\Controle-CMCB-XI-main\nod
e_modules\react-dom\cjs\react-dom.development.js:27490:7)
    at performUnitOfWork (D:\Projetos\Controle-CMCB-XI-ma
in\node_modules\react-dom\cjs\react-dom.development.js:26
599:12) Error: useAuth must be used within an 
AuthProvider
    at useAuth (D:/Projetos/Controle-CMCB-XI-main/src/con
texts/AuthContext.tsx:139:11)
    at AssociacaoPage (D:/Projetos/Controle-CMCB-XI-main/
src/pages/AssociacaoPage.tsx:63:46)
    at renderWithHooks (D:\Projetos\Controle-CMCB-XI-main
\node_modules\react-dom\cjs\react-dom.development.js:1548
6:18)
    at mountIndeterminateComponent (D:\Projetos\Controle-
CMCB-XI-main\node_modules\react-dom\cjs\react-dom.develop
ment.js:20103:13)
    at beginWork (D:\Projetos\Controle-CMCB-XI-main\node_
modules\react-dom\cjs\react-dom.development.js:21626:16)
    at HTMLUnknownElement.callCallback (D:\Projetos\Contr
ole-CMCB-XI-main\node_modules\react-dom\cjs\react-dom.dev
elopment.js:4164:14)
    at HTMLUnknownElement.callTheUserObjectsOperation (D:
\Projetos\Controle-CMCB-XI-main\node_modules\jsdom\lib\js
dom\living\generated\EventListener.js:26:30)
    at innerInvokeEventListeners (D:\Projetos\Controle-CM
CB-XI-main\node_modules\jsdom\lib\jsdom\living\events\Eve
ntTarget-impl.js:350:25)
    at invokeEventListeners (D:\Projetos\Controle-CMCB-XI
-main\node_modules\jsdom\lib\jsdom\living\events\EventTar
get-impl.js:286:3)
    at HTMLUnknownElementImpl._dispatch (D:\Projetos\Cont
role-CMCB-XI-main\node_modules\jsdom\lib\jsdom\living\eve
nts\EventTarget-impl.js:233:9)
Error: Uncaught [Error: useAuth must be used within an 
AuthProvider]
    at reportException (D:\Projetos\Controle-CMCB-XI-main
\node_modules\jsdom\lib\jsdom\living\helpers\runtime-scri
pt-errors.js:66:24)
    at innerInvokeEventListeners (D:\Projetos\Controle-CM
CB-XI-main\node_modules\jsdom\lib\jsdom\living\events\Eve
ntTarget-impl.js:353:9)
    at invokeEventListeners (D:\Projetos\Controle-CMCB-XI
-main\node_modules\jsdom\lib\jsdom\living\events\EventTar
get-impl.js:286:3)
    at HTMLUnknownElementImpl._dispatch (D:\Projetos\Cont
role-CMCB-XI-main\node_modules\jsdom\lib\jsdom\living\eve
nts\EventTarget-impl.js:233:9)
    at HTMLUnknownElementImpl.dispatchEvent (D:\Projetos\
Controle-CMCB-XI-main\node_modules\jsdom\lib\jsdom\living
\events\EventTarget-impl.js:104:17)
    at HTMLUnknownElement.dispatchEvent (D:\Projetos\Cont
role-CMCB-XI-main\node_modules\jsdom\lib\jsdom\living\gen
erated\EventTarget.js:241:34)
    at Object.invokeGuardedCallbackDev (D:\Projetos\Contr
ole-CMCB-XI-main\node_modules\react-dom\cjs\react-dom.dev
elopment.js:4213:16)
    at invokeGuardedCallback (D:\Projetos\Controle-CMCB-X
I-main\node_modules\react-dom\cjs\react-dom.development.j
s:4277:31)
    at beginWork$1 (D:\Projetos\Controle-CMCB-XI-main\nod
e_modules\react-dom\cjs\react-dom.development.js:27490:7)
    at performUnitOfWork (D:\Projetos\Controle-CMCB-XI-ma
in\node_modules\react-dom\cjs\react-dom.development.js:26
599:12) Error: useAuth must be used within an 
AuthProvider
    at useAuth (D:/Projetos/Controle-CMCB-XI-main/src/con
texts/AuthContext.tsx:139:11)
    at AssociacaoPage (D:/Projetos/Controle-CMCB-XI-main/
src/pages/AssociacaoPage.tsx:63:46)
    at renderWithHooks (D:\Projetos\Controle-CMCB-XI-main
\node_modules\react-dom\cjs\react-dom.development.js:1548
6:18)
    at mountIndeterminateComponent (D:\Projetos\Controle-
CMCB-XI-main\node_modules\react-dom\cjs\react-dom.develop
ment.js:20103:13)
    at beginWork (D:\Projetos\Controle-CMCB-XI-main\node_
modules\react-dom\cjs\react-dom.development.js:21626:16)
    at HTMLUnknownElement.callCallback (D:\Projetos\Contr
ole-CMCB-XI-main\node_modules\react-dom\cjs\react-dom.dev
elopment.js:4164:14)
    at HTMLUnknownElement.callTheUserObjectsOperation (D:
\Projetos\Controle-CMCB-XI-main\node_modules\jsdom\lib\js
dom\living\generated\EventListener.js:26:30)
    at innerInvokeEventListeners (D:\Projetos\Controle-CM
CB-XI-main\node_modules\jsdom\lib\jsdom\living\events\Eve
ntTarget-impl.js:350:25)
    at invokeEventListeners (D:\Projetos\Controle-CMCB-XI
-main\node_modules\jsdom\lib\jsdom\living\events\EventTar
get-impl.js:286:3)
    at HTMLUnknownElementImpl._dispatch (D:\Projetos\Cont
role-CMCB-XI-main\node_modules\jsdom\lib\jsdom\living\eve
nts\EventTarget-impl.js:233:9)
[90mstderr[2m | 
src/test/components/GastoAssociacaoDialog.test.tsx[2m > 
[22m[2mGastoAssociacaoDialog component[2m > 
[22m[2mshould show warning when balance is insufficient
[22m[39mWarning: Missing `Description` or 
`aria-describedby={undefined}` for {DialogContent}.

Error: Uncaught [Error: useAuth must be used within an 
AuthProvider]
    at reportException (D:\Projetos\Controle-CMCB-XI-main
\node_modules\jsdom\lib\jsdom\living\helpers\runtime-scri
pt-errors.js:66:24)
    at innerInvokeEventListeners (D:\Projetos\Controle-CM
CB-XI-main\node_modules\jsdom\lib\jsdom\living\events\Eve
ntTarget-impl.js:353:9)
    at invokeEventListeners (D:\Projetos\Controle-CMCB-XI
-main\node_modules\jsdom\lib\jsdom\living\events\EventTar
get-impl.js:286:3)
    at HTMLUnknownElementImpl._dispatch (D:\Projetos\Cont
role-CMCB-XI-main\node_modules\jsdom\lib\jsdom\living\eve
nts\EventTarget-impl.js:233:9)
    at HTMLUnknownElementImpl.dispatchEvent (D:\Projetos\
Controle-CMCB-XI-main\node_modules\jsdom\lib\jsdom\living
\events\EventTarget-impl.js:104:17)
    at HTMLUnknownElement.dispatchEvent (D:\Projetos\Cont
role-CMCB-XI-main\node_modules\jsdom\lib\jsdom\living\gen
erated\EventTarget.js:241:34)
    at Object.invokeGuardedCallbackDev (D:\Projetos\Contr
ole-CMCB-XI-main\node_modules\react-dom\cjs\react-dom.dev
elopment.js:4213:16)
    at invokeGuardedCallback (D:\Projetos\Controle-CMCB-X
I-main\node_modules\react-dom\cjs\react-dom.development.j
s:4277:31)
    at beginWork$1 (D:\Projetos\Controle-CMCB-XI-main\nod
e_modules\react-dom\cjs\react-dom.development.js:27490:7)
    at performUnitOfWork (D:\Projetos\Controle-CMCB-XI-ma
in\node_modules\react-dom\cjs\react-dom.development.js:26
599:12) Error: useAuth must be used within an 
AuthProvider
    at useAuth (D:/Projetos/Controle-CMCB-XI-main/src/con
texts/AuthContext.tsx:139:11)
    at useTransactionItems (D:/Projetos/Controle-CMCB-XI-
main/src/hooks/use-pix-batch.ts:107:30)
    at TransactionItemsDialog (D:/Projetos/Controle-CMCB-
XI-main/src/components/transactions/TransactionItemsDialo
g.tsx:27:40)
    at renderWithHooks (D:\Projetos\Controle-CMCB-XI-main
\node_modules\react-dom\cjs\react-dom.development.js:1548
6:18)
    at mountIndeterminateComponent (D:\Projetos\Controle-
CMCB-XI-main\node_modules\react-dom\cjs\react-dom.develop
ment.js:20103:13)
    at beginWork (D:\Projetos\Controle-CMCB-XI-main\node_
modules\react-dom\cjs\react-dom.development.js:21626:16)
    at HTMLUnknownElement.callCallback (D:\Projetos\Contr
ole-CMCB-XI-main\node_modules\react-dom\cjs\react-dom.dev
elopment.js:4164:14)
    at HTMLUnknownElement.callTheUserObjectsOperation (D:
\Projetos\Controle-CMCB-XI-main\node_modules\jsdom\lib\js
dom\living\generated\EventListener.js:26:30)
    at innerInvokeEventListeners (D:\Projetos\Controle-CM
CB-XI-main\node_modules\jsdom\lib\jsdom\living\events\Eve
ntTarget-impl.js:350:25)
    at invokeEventListeners (D:\Projetos\Controle-CMCB-XI
-main\node_modules\jsdom\lib\jsdom\living\events\EventTar
get-impl.js:286:3)
[90mstderr[2m | 
src/test/pages/AssociacaoPage.test.tsx[2m > 
[22m[2mAssociacaoPage integration[2m > 
[22m[2mshould render page header and balance cards
[22m[39mThe above error occurred in the 
<AssociacaoPage> component:

    at AssociacaoPage (D:/Projetos/Controle-CMCB-XI-main/
src/pages/AssociacaoPage.tsx:65:75)
    at QueryClientProvider (file:///D:/Projetos/Controle-
CMCB-XI-main/node_modules/@tanstack/react-query/build/mod
ern/QueryClientProvider.js:20:3)
    at D:/Projetos/Controle-CMCB-XI-main/src/test/pages/A
ssociacaoPage.test.tsx:148:15

Consider adding an error boundary to your tree to 
customize error handling behavior.
Visit https://reactjs.org/link/error-boundaries to learn 
more about error boundaries.

[90mstderr[2m | 
src/test/components/GastoRecursoDialog.test.tsx[2m > 
[22m[2mGastoRecursoDialog component[2m > 
[22m[2mshould render correctly when open
[22m[39mWarning: Missing `Description` or 
`aria-describedby={undefined}` for {DialogContent}.

[90mstderr[2m | 
src/test/components/EntradaRecursoDialog.test.tsx[2m > 
[22m[2mEntradaRecursoDialog component[2m > 
[22m[2mshould disable submit button if description is 
too short
[22m[39mWarning: Missing `Description` or 
`aria-describedby={undefined}` for {DialogContent}.

Error: Uncaught [Error: useAuth must be used within an 
AuthProvider]
    at reportException (D:\Projetos\Controle-CMCB-XI-main
\node_modules\jsdom\lib\jsdom\living\helpers\runtime-scri
pt-errors.js:66:24)
    at innerInvokeEventListeners (D:\Projetos\Controle-CM
CB-XI-main\node_modules\jsdom\lib\jsdom\living\events\Eve
ntTarget-impl.js:353:9)
    at invokeEventListeners (D:\Projetos\Controle-CMCB-XI
-main\node_modules\jsdom\lib\jsdom\living\events\EventTar
get-impl.js:286:3)
    at HTMLUnknownElementImpl._dispatch (D:\Projetos\Cont
role-CMCB-XI-main\node_modules\jsdom\lib\jsdom\living\eve
nts\EventTarget-impl.js:233:9)
    at HTMLUnknownElementImpl.dispatchEvent (D:\Projetos\
Controle-CMCB-XI-main\node_modules\jsdom\lib\jsdom\living
\events\EventTarget-impl.js:104:17)
    at HTMLUnknownElement.dispatchEvent (D:\Projetos\Cont
role-CMCB-XI-main\node_modules\jsdom\lib\jsdom\living\gen
erated\EventTarget.js:241:34)
    at Object.invokeGuardedCallbackDev (D:\Projetos\Contr
ole-CMCB-XI-main\node_modules\react-dom\cjs\react-dom.dev
elopment.js:4213:16)
    at invokeGuardedCallback (D:\Projetos\Controle-CMCB-X
I-main\node_modules\react-dom\cjs\react-dom.development.j
s:4277:31)
    at beginWork$1 (D:\Projetos\Controle-CMCB-XI-main\nod
e_modules\react-dom\cjs\react-dom.development.js:27490:7)
    at performUnitOfWork (D:\Projetos\Controle-CMCB-XI-ma
in\node_modules\react-dom\cjs\react-dom.development.js:26
599:12) Error: useAuth must be used within an 
AuthProvider
    at useAuth (D:/Projetos/Controle-CMCB-XI-main/src/con
texts/AuthContext.tsx:139:11)
    at AssociacaoPage (D:/Projetos/Controle-CMCB-XI-main/
src/pages/AssociacaoPage.tsx:63:46)
    at renderWithHooks (D:\Projetos\Controle-CMCB-XI-main
\node_modules\react-dom\cjs\react-dom.development.js:1548
6:18)
    at mountIndeterminateComponent (D:\Projetos\Controle-
CMCB-XI-main\node_modules\react-dom\cjs\react-dom.develop
ment.js:20103:13)
    at beginWork (D:\Projetos\Controle-CMCB-XI-main\node_
modules\react-dom\cjs\react-dom.development.js:21626:16)
    at HTMLUnknownElement.callCallback (D:\Projetos\Contr
ole-CMCB-XI-main\node_modules\react-dom\cjs\react-dom.dev
elopment.js:4164:14)
    at HTMLUnknownElement.callTheUserObjectsOperation (D:
\Projetos\Controle-CMCB-XI-main\node_modules\jsdom\lib\js
dom\living\generated\EventListener.js:26:30)
    at innerInvokeEventListeners (D:\Projetos\Controle-CM
CB-XI-main\node_modules\jsdom\lib\jsdom\living\events\Eve
ntTarget-impl.js:350:25)
    at invokeEventListeners (D:\Projetos\Controle-CMCB-XI
-main\node_modules\jsdom\lib\jsdom\living\events\EventTar
get-impl.js:286:3)
    at HTMLUnknownElementImpl._dispatch (D:\Projetos\Cont
role-CMCB-XI-main\node_modules\jsdom\lib\jsdom\living\eve
nts\EventTarget-impl.js:233:9)
 [32mÔ£ô[39m src/test/components/GastoAssociacaoDialog.test.tsx [2m([22m[2m4 tests[22m[2m)[22m[33m 1582[2mms[22m[39m
     [33m[2mÔ£ô[22m[39m should render correctly when open [33m 564[2mms[22m[39m
     [33m[2mÔ£ô[22m[39m should handle adding and removing batch items [33m 447[2mms[22m[39m
     [33m[2mÔ£ô[22m[39m should call createLedgerTransaction for valid items on submit [33m 319[2mms[22m[39m
Error: Uncaught [Error: useAuth must be used within an 
AuthProvider]
    at reportException (D:\Projetos\Controle-CMCB-XI-main
\node_modules\jsdom\lib\jsdom\living\helpers\runtime-scri
pt-errors.js:66:24)
    at innerInvokeEventListeners (D:\Projetos\Controle-CM
CB-XI-main\node_modules\jsdom\lib\jsdom\living\events\Eve
ntTarget-impl.js:353:9)
    at invokeEventListeners (D:\Projetos\Controle-CMCB-XI
-main\node_modules\jsdom\lib\jsdom\living\events\EventTar
get-impl.js:286:3)
    at HTMLUnknownElementImpl._dispatch (D:\Projetos\Cont
role-CMCB-XI-main\node_modules\jsdom\lib\jsdom\living\eve
nts\EventTarget-impl.js:233:9)
    at HTMLUnknownElementImpl.dispatchEvent (D:\Projetos\
Controle-CMCB-XI-main\node_modules\jsdom\lib\jsdom\living
\events\EventTarget-impl.js:104:17)
    at HTMLUnknownElement.dispatchEvent (D:\Projetos\Cont
role-CMCB-XI-main\node_modules\jsdom\lib\jsdom\living\gen
erated\EventTarget.js:241:34)
    at Object.invokeGuardedCallbackDev (D:\Projetos\Contr
ole-CMCB-XI-main\node_modules\react-dom\cjs\react-dom.dev
elopment.js:4213:16)
    at invokeGuardedCallback (D:\Projetos\Controle-CMCB-X
I-main\node_modules\react-dom\cjs\react-dom.development.j
s:4277:31)
    at beginWork$1 (D:\Projetos\Controle-CMCB-XI-main\nod
e_modules\react-dom\cjs\react-dom.development.js:27490:7)
    at performUnitOfWork (D:\Projetos\Controle-CMCB-XI-ma
in\node_modules\react-dom\cjs\react-dom.development.js:26
599:12) Error: useAuth must be used within an 
AuthProvider
    at useAuth (D:/Projetos/Controle-CMCB-XI-main/src/con
texts/AuthContext.tsx:139:11)
    at AssociacaoPage (D:/Projetos/Controle-CMCB-XI-main/
src/pages/AssociacaoPage.tsx:63:46)
    at renderWithHooks (D:\Projetos\Controle-CMCB-XI-main
\node_modules\react-dom\cjs\react-dom.development.js:1548
6:18)
    at mountIndeterminateComponent (D:\Projetos\Controle-
CMCB-XI-main\node_modules\react-dom\cjs\react-dom.develop
ment.js:20103:13)
    at beginWork (D:\Projetos\Controle-CMCB-XI-main\node_
modules\react-dom\cjs\react-dom.development.js:21626:16)
    at HTMLUnknownElement.callCallback (D:\Projetos\Contr
ole-CMCB-XI-main\node_modules\react-dom\cjs\react-dom.dev
elopment.js:4164:14)
    at HTMLUnknownElement.callTheUserObjectsOperation (D:
\Projetos\Controle-CMCB-XI-main\node_modules\jsdom\lib\js
dom\living\generated\EventListener.js:26:30)
    at innerInvokeEventListeners (D:\Projetos\Controle-CM
CB-XI-main\node_modules\jsdom\lib\jsdom\living\events\Eve
ntTarget-impl.js:350:25)
    at invokeEventListeners (D:\Projetos\Controle-CMCB-XI
-main\node_modules\jsdom\lib\jsdom\living\events\EventTar
get-impl.js:286:3)
    at HTMLUnknownElementImpl._dispatch (D:\Projetos\Cont
role-CMCB-XI-main\node_modules\jsdom\lib\jsdom\living\eve
nts\EventTarget-impl.js:233:9)
[90mstderr[2m | 
src/test/pages/AssociacaoPage.test.tsx[2m > 
[22m[2mAssociacaoPage integration[2m > 
[22m[2mshould render action cards
[22m[39mThe above error occurred in the 
<AssociacaoPage> component:

    at AssociacaoPage (D:/Projetos/Controle-CMCB-XI-main/
src/pages/AssociacaoPage.tsx:65:75)
    at QueryClientProvider (file:///D:/Projetos/Controle-
CMCB-XI-main/node_modules/@tanstack/react-query/build/mod
ern/QueryClientProvider.js:20:3)
    at D:/Projetos/Controle-CMCB-XI-main/src/test/pages/A
ssociacaoPage.test.tsx:148:15

Consider adding an error boundary to your tree to 
customize error handling behavior.
Visit https://reactjs.org/link/error-boundaries to learn 
more about error boundaries.

Error: Uncaught [Error: useAuth must be used within an 
AuthProvider]
    at reportException (D:\Projetos\Controle-CMCB-XI-main
\node_modules\jsdom\lib\jsdom\living\helpers\runtime-scri
pt-errors.js:66:24)
    at innerInvokeEventListeners (D:\Projetos\Controle-CM
CB-XI-main\node_modules\jsdom\lib\jsdom\living\events\Eve
ntTarget-impl.js:353:9)
    at invokeEventListeners (D:\Projetos\Controle-CMCB-XI
-main\node_modules\jsdom\lib\jsdom\living\events\EventTar
get-impl.js:286:3)
    at HTMLUnknownElementImpl._dispatch (D:\Projetos\Cont
role-CMCB-XI-main\node_modules\jsdom\lib\jsdom\living\eve
nts\EventTarget-impl.js:233:9)
    at HTMLUnknownElementImpl.dispatchEvent (D:\Projetos\
Controle-CMCB-XI-main\node_modules\jsdom\lib\jsdom\living
\events\EventTarget-impl.js:104:17)
    at HTMLUnknownElement.dispatchEvent (D:\Projetos\Cont
role-CMCB-XI-main\node_modules\jsdom\lib\jsdom\living\gen
erated\EventTarget.js:241:34)
    at Object.invokeGuardedCallbackDev (D:\Projetos\Contr
ole-CMCB-XI-main\node_modules\react-dom\cjs\react-dom.dev
elopment.js:4213:16)
    at invokeGuardedCallback (D:\Projetos\Controle-CMCB-X
I-main\node_modules\react-dom\cjs\react-dom.development.j
s:4277:31)
    at beginWork$1 (D:\Projetos\Controle-CMCB-XI-main\nod
e_modules\react-dom\cjs\react-dom.development.js:27490:7)
    at performUnitOfWork (D:\Projetos\Controle-CMCB-XI-ma
in\node_modules\react-dom\cjs\react-dom.development.js:26
599:12) Error: useAuth must be used within an 
AuthProvider
    at useAuth (D:/Projetos/Controle-CMCB-XI-main/src/con
texts/AuthContext.tsx:139:11)
    at AssociacaoPage (D:/Projetos/Controle-CMCB-XI-main/
src/pages/AssociacaoPage.tsx:63:46)
    at renderWithHooks (D:\Projetos\Controle-CMCB-XI-main
\node_modules\react-dom\cjs\react-dom.development.js:1548
6:18)
    at mountIndeterminateComponent (D:\Projetos\Controle-
CMCB-XI-main\node_modules\react-dom\cjs\react-dom.develop
ment.js:20103:13)
    at beginWork (D:\Projetos\Controle-CMCB-XI-main\node_
modules\react-dom\cjs\react-dom.development.js:21626:16)
    at HTMLUnknownElement.callCallback (D:\Projetos\Contr
ole-CMCB-XI-main\node_modules\react-dom\cjs\react-dom.dev
elopment.js:4164:14)
    at HTMLUnknownElement.callTheUserObjectsOperation (D:
\Projetos\Controle-CMCB-XI-main\node_modules\jsdom\lib\js
dom\living\generated\EventListener.js:26:30)
    at innerInvokeEventListeners (D:\Projetos\Controle-CM
CB-XI-main\node_modules\jsdom\lib\jsdom\living\events\Eve
ntTarget-impl.js:350:25)
    at invokeEventListeners (D:\Projetos\Controle-CMCB-XI
-main\node_modules\jsdom\lib\jsdom\living\events\EventTar
get-impl.js:286:3)
    at HTMLUnknownElementImpl._dispatch (D:\Projetos\Cont
role-CMCB-XI-main\node_modules\jsdom\lib\jsdom\living\eve
nts\EventTarget-impl.js:233:9)
Error: Uncaught [Error: useAuth must be used within an 
AuthProvider]
    at reportException (D:\Projetos\Controle-CMCB-XI-main
\node_modules\jsdom\lib\jsdom\living\helpers\runtime-scri
pt-errors.js:66:24)
    at innerInvokeEventListeners (D:\Projetos\Controle-CM
CB-XI-main\node_modules\jsdom\lib\jsdom\living\events\Eve
ntTarget-impl.js:353:9)
    at invokeEventListeners (D:\Projetos\Controle-CMCB-XI
-main\node_modules\jsdom\lib\jsdom\living\events\EventTar
get-impl.js:286:3)
    at HTMLUnknownElementImpl._dispatch (D:\Projetos\Cont
role-CMCB-XI-main\node_modules\jsdom\lib\jsdom\living\eve
nts\EventTarget-impl.js:233:9)
    at HTMLUnknownElementImpl.dispatchEvent (D:\Projetos\
Controle-CMCB-XI-main\node_modules\jsdom\lib\jsdom\living
\events\EventTarget-impl.js:104:17)
    at HTMLUnknownElement.dispatchEvent (D:\Projetos\Cont
role-CMCB-XI-main\node_modules\jsdom\lib\jsdom\living\gen
erated\EventTarget.js:241:34)
    at Object.invokeGuardedCallbackDev (D:\Projetos\Contr
ole-CMCB-XI-main\node_modules\react-dom\cjs\react-dom.dev
elopment.js:4213:16)
    at invokeGuardedCallback (D:\Projetos\Controle-CMCB-X
I-main\node_modules\react-dom\cjs\react-dom.development.j
s:4277:31)
    at beginWork$1 (D:\Projetos\Controle-CMCB-XI-main\nod
e_modules\react-dom\cjs\react-dom.development.js:27490:7)
    at performUnitOfWork (D:\Projetos\Controle-CMCB-XI-ma
in\node_modules\react-dom\cjs\react-dom.development.js:26
599:12) Error: useAuth must be used within an 
AuthProvider
    at useAuth (D:/Projetos/Controle-CMCB-XI-main/src/con
texts/AuthContext.tsx:139:11)
    at useTransactionItems (D:/Projetos/Controle-CMCB-XI-
main/src/hooks/use-pix-batch.ts:107:30)
    at TransactionItemsDialog (D:/Projetos/Controle-CMCB-
XI-main/src/components/transactions/TransactionItemsDialo
g.tsx:27:40)
    at renderWithHooks (D:\Projetos\Controle-CMCB-XI-main
\node_modules\react-dom\cjs\react-dom.development.js:1548
6:18)
    at mountIndeterminateComponent (D:\Projetos\Controle-
CMCB-XI-main\node_modules\react-dom\cjs\react-dom.develop
ment.js:20103:13)
    at beginWork (D:\Projetos\Controle-CMCB-XI-main\node_
modules\react-dom\cjs\react-dom.development.js:21626:16)
    at HTMLUnknownElement.callCallback (D:\Projetos\Contr
ole-CMCB-XI-main\node_modules\react-dom\cjs\react-dom.dev
elopment.js:4164:14)
    at HTMLUnknownElement.callTheUserObjectsOperation (D:
\Projetos\Controle-CMCB-XI-main\node_modules\jsdom\lib\js
dom\living\generated\EventListener.js:26:30)
    at innerInvokeEventListeners (D:\Projetos\Controle-CM
CB-XI-main\node_modules\jsdom\lib\jsdom\living\events\Eve
ntTarget-impl.js:350:25)
    at invokeEventListeners (D:\Projetos\Controle-CMCB-XI
-main\node_modules\jsdom\lib\jsdom\living\events\EventTar
get-impl.js:286:3)
[90mstderr[2m | 
src/test/pages/RelatoriosPage.test.tsx[2m > 
[22m[2mRelatoriosPage integration[2m > 
[22m[2mshould render transactions table in history 
section
[22m[39mThe above error occurred in the 
<TransactionItemsDialog> component:

    at TransactionItemsDialog (D:/Projetos/Controle-CMCB-
XI-main/src/components/transactions/TransactionItemsDialo
g.tsx:16:35)
    at div
    at TransactionTable (D:/Projetos/Controle-CMCB-XI-mai
n/src/components/transactions/TransactionTable.tsx:20:29)
    at div
    at D:/Projetos/Controle-CMCB-XI-main/src/components/u
i/card.tsx:53:71
    at div
    at D:/Projetos/Controle-CMCB-XI-main/src/components/u
i/card.tsx:13:64
    at div
    at div
    at div
    at DashboardLayout (D:/Projetos/Controle-CMCB-XI-main
/src/test/pages/RelatoriosPage.test.tsx:16:29)
    at RelatoriosPage (D:/Projetos/Controle-CMCB-XI-main/
src/pages/RelatoriosPage.tsx:40:73)
    at QueryClientProvider (file:///D:/Projetos/Controle-
CMCB-XI-main/node_modules/@tanstack/react-query/build/mod
ern/QueryClientProvider.js:20:3)
    at D:/Projetos/Controle-CMCB-XI-main/src/test/pages/R
elatoriosPage.test.tsx:65:15

Consider adding an error boundary to your tree to 
customize error handling behavior.
Visit https://reactjs.org/link/error-boundaries to learn 
more about error boundaries.

Error: Uncaught [Error: useAuth must be used within an 
AuthProvider]
    at reportException (D:\Projetos\Controle-CMCB-XI-main
\node_modules\jsdom\lib\jsdom\living\helpers\runtime-scri
pt-errors.js:66:24)
    at innerInvokeEventListeners (D:\Projetos\Controle-CM
CB-XI-main\node_modules\jsdom\lib\jsdom\living\events\Eve
ntTarget-impl.js:353:9)
    at invokeEventListeners (D:\Projetos\Controle-CMCB-XI
-main\node_modules\jsdom\lib\jsdom\living\events\EventTar
get-impl.js:286:3)
    at HTMLUnknownElementImpl._dispatch (D:\Projetos\Cont
role-CMCB-XI-main\node_modules\jsdom\lib\jsdom\living\eve
nts\EventTarget-impl.js:233:9)
    at HTMLUnknownElementImpl.dispatchEvent (D:\Projetos\
Controle-CMCB-XI-main\node_modules\jsdom\lib\jsdom\living
\events\EventTarget-impl.js:104:17)
    at HTMLUnknownElement.dispatchEvent (D:\Projetos\Cont
role-CMCB-XI-main\node_modules\jsdom\lib\jsdom\living\gen
erated\EventTarget.js:241:34)
    at Object.invokeGuardedCallbackDev (D:\Projetos\Contr
ole-CMCB-XI-main\node_modules\react-dom\cjs\react-dom.dev
elopment.js:4213:16)
    at invokeGuardedCallback (D:\Projetos\Controle-CMCB-X
I-main\node_modules\react-dom\cjs\react-dom.development.j
s:4277:31)
    at beginWork$1 (D:\Projetos\Controle-CMCB-XI-main\nod
e_modules\react-dom\cjs\react-dom.development.js:27490:7)
    at performUnitOfWork (D:\Projetos\Controle-CMCB-XI-ma
in\node_modules\react-dom\cjs\react-dom.development.js:26
599:12) Error: useAuth must be used within an 
AuthProvider
    at useAuth (D:/Projetos/Controle-CMCB-XI-main/src/con
texts/AuthContext.tsx:139:11)
    at AssociacaoPage (D:/Projetos/Controle-CMCB-XI-main/
src/pages/AssociacaoPage.tsx:63:46)
    at renderWithHooks (D:\Projetos\Controle-CMCB-XI-main
\node_modules\react-dom\cjs\react-dom.development.js:1548
6:18)
    at mountIndeterminateComponent (D:\Projetos\Controle-
CMCB-XI-main\node_modules\react-dom\cjs\react-dom.develop
ment.js:20103:13)
    at beginWork (D:\Projetos\Controle-CMCB-XI-main\node_
modules\react-dom\cjs\react-dom.development.js:21626:16)
    at HTMLUnknownElement.callCallback (D:\Projetos\Contr
ole-CMCB-XI-main\node_modules\react-dom\cjs\react-dom.dev
elopment.js:4164:14)
    at HTMLUnknownElement.callTheUserObjectsOperation (D:
\Projetos\Controle-CMCB-XI-main\node_modules\jsdom\lib\js
dom\living\generated\EventListener.js:26:30)
    at innerInvokeEventListeners (D:\Projetos\Controle-CM
CB-XI-main\node_modules\jsdom\lib\jsdom\living\events\Eve
ntTarget-impl.js:350:25)
    at invokeEventListeners (D:\Projetos\Controle-CMCB-XI
-main\node_modules\jsdom\lib\jsdom\living\events\EventTar
get-impl.js:286:3)
    at HTMLUnknownElementImpl._dispatch (D:\Projetos\Cont
role-CMCB-XI-main\node_modules\jsdom\lib\jsdom\living\eve
nts\EventTarget-impl.js:233:9)
[90mstderr[2m | 
src/test/pages/AssociacaoPage.test.tsx[2m > 
[22m[2mAssociacaoPage integration[2m > 
[22m[2mshould render the transaction history table
[22m[39mThe above error occurred in the 
<AssociacaoPage> component:

    at AssociacaoPage (D:/Projetos/Controle-CMCB-XI-main/
src/pages/AssociacaoPage.tsx:65:75)
    at QueryClientProvider (file:///D:/Projetos/Controle-
CMCB-XI-main/node_modules/@tanstack/react-query/build/mod
ern/QueryClientProvider.js:20:3)
    at D:/Projetos/Controle-CMCB-XI-main/src/test/pages/A
ssociacaoPage.test.tsx:148:15

Consider adding an error boundary to your tree to 
customize error handling behavior.
Visit https://reactjs.org/link/error-boundaries to learn 
more about error boundaries.

 [31mÔØ»[39m src/test/pages/AssociacaoPage.test.tsx [2m([22m[2m3 tests[22m[2m | [22m[31m3 failed[39m[2m)[22m[32m 173[2mms[22m[39m
[31m     [31m├ù[31m should render page header and balance cards[39m[32m 107[2mms[22m[39m
[31m     [31m├ù[31m should render action cards[39m[32m 20[2mms[22m[39m
[31m     [31m├ù[31m should render the transaction history table[39m[32m 41[2mms[22m[39m
[90mstderr[2m | 
src/test/components/AjustarSaldoDialog.test.tsx[2m > 
[22m[2mAjustarSaldoDialog component[2m > 
[22m[2mshould open confirmation dialog and call 
onSubmit
[22m[39mWarning: Missing `Description` or 
`aria-describedby={undefined}` for {DialogContent}.

Error: Uncaught [Error: useAuth must be used within an 
AuthProvider]
    at reportException (D:\Projetos\Controle-CMCB-XI-main
\node_modules\jsdom\lib\jsdom\living\helpers\runtime-scri
pt-errors.js:66:24)
    at innerInvokeEventListeners (D:\Projetos\Controle-CM
CB-XI-main\node_modules\jsdom\lib\jsdom\living\events\Eve
ntTarget-impl.js:353:9)
    at invokeEventListeners (D:\Projetos\Controle-CMCB-XI
-main\node_modules\jsdom\lib\jsdom\living\events\EventTar
get-impl.js:286:3)
    at HTMLUnknownElementImpl._dispatch (D:\Projetos\Cont
role-CMCB-XI-main\node_modules\jsdom\lib\jsdom\living\eve
nts\EventTarget-impl.js:233:9)
    at HTMLUnknownElementImpl.dispatchEvent (D:\Projetos\
Controle-CMCB-XI-main\node_modules\jsdom\lib\jsdom\living
\events\EventTarget-impl.js:104:17)
    at HTMLUnknownElement.dispatchEvent (D:\Projetos\Cont
role-CMCB-XI-main\node_modules\jsdom\lib\jsdom\living\gen
erated\EventTarget.js:241:34)
    at Object.invokeGuardedCallbackDev (D:\Projetos\Contr
ole-CMCB-XI-main\node_modules\react-dom\cjs\react-dom.dev
elopment.js:4213:16)
    at invokeGuardedCallback (D:\Projetos\Controle-CMCB-X
I-main\node_modules\react-dom\cjs\react-dom.development.j
s:4277:31)
    at beginWork$1 (D:\Projetos\Controle-CMCB-XI-main\nod
e_modules\react-dom\cjs\react-dom.development.js:27490:7)
    at performUnitOfWork (D:\Projetos\Controle-CMCB-XI-ma
in\node_modules\react-dom\cjs\react-dom.development.js:26
599:12) Error: useAuth must be used within an 
AuthProvider
    at useAuth (D:/Projetos/Controle-CMCB-XI-main/src/con
texts/AuthContext.tsx:139:11)
    at useTransactionItems (D:/Projetos/Controle-CMCB-XI-
main/src/hooks/use-pix-batch.ts:107:30)
    at TransactionItemsDialog (D:/Projetos/Controle-CMCB-
XI-main/src/components/transactions/TransactionItemsDialo
g.tsx:27:40)
    at renderWithHooks (D:\Projetos\Controle-CMCB-XI-main
\node_modules\react-dom\cjs\react-dom.development.js:1548
6:18)
    at mountIndeterminateComponent (D:\Projetos\Controle-
CMCB-XI-main\node_modules\react-dom\cjs\react-dom.develop
ment.js:20103:13)
    at beginWork (D:\Projetos\Controle-CMCB-XI-main\node_
modules\react-dom\cjs\react-dom.development.js:21626:16)
    at HTMLUnknownElement.callCallback (D:\Projetos\Contr
ole-CMCB-XI-main\node_modules\react-dom\cjs\react-dom.dev
elopment.js:4164:14)
    at HTMLUnknownElement.callTheUserObjectsOperation (D:
\Projetos\Controle-CMCB-XI-main\node_modules\jsdom\lib\js
dom\living\generated\EventListener.js:26:30)
    at innerInvokeEventListeners (D:\Projetos\Controle-CM
CB-XI-main\node_modules\jsdom\lib\jsdom\living\events\Eve
ntTarget-impl.js:350:25)
    at invokeEventListeners (D:\Projetos\Controle-CMCB-XI
-main\node_modules\jsdom\lib\jsdom\living\events\EventTar
get-impl.js:286:3)
[90mstderr[2m | 
src/test/components/ConsumoSaldoDialog.test.tsx[2m > 
[22m[2mConsumoSaldoDialog component[2m > 
[22m[2mshould handle adding and removing batch items
[22m[39mWarning: Missing `Description` or 
`aria-describedby={undefined}` for {DialogContent}.

Error: Uncaught [Error: useAuth must be used within an 
AuthProvider]
    at reportException (D:\Projetos\Controle-CMCB-XI-main
\node_modules\jsdom\lib\jsdom\living\helpers\runtime-scri
pt-errors.js:66:24)
    at innerInvokeEventListeners (D:\Projetos\Controle-CM
CB-XI-main\node_modules\jsdom\lib\jsdom\living\events\Eve
ntTarget-impl.js:353:9)
    at invokeEventListeners (D:\Projetos\Controle-CMCB-XI
-main\node_modules\jsdom\lib\jsdom\living\events\EventTar
get-impl.js:286:3)
    at HTMLUnknownElementImpl._dispatch (D:\Projetos\Cont
role-CMCB-XI-main\node_modules\jsdom\lib\jsdom\living\eve
nts\EventTarget-impl.js:233:9)
    at HTMLUnknownElementImpl.dispatchEvent (D:\Projetos\
Controle-CMCB-XI-main\node_modules\jsdom\lib\jsdom\living
\events\EventTarget-impl.js:104:17)
    at HTMLUnknownElement.dispatchEvent (D:\Projetos\Cont
role-CMCB-XI-main\node_modules\jsdom\lib\jsdom\living\gen
erated\EventTarget.js:241:34)
    at Object.invokeGuardedCallbackDev (D:\Projetos\Contr
ole-CMCB-XI-main\node_modules\react-dom\cjs\react-dom.dev
elopment.js:4213:16)
    at invokeGuardedCallback (D:\Projetos\Controle-CMCB-X
I-main\node_modules\react-dom\cjs\react-dom.development.j
s:4277:31)
    at beginWork$1 (D:\Projetos\Controle-CMCB-XI-main\nod
e_modules\react-dom\cjs\react-dom.development.js:27490:7)
    at performUnitOfWork (D:\Projetos\Controle-CMCB-XI-ma
in\node_modules\react-dom\cjs\react-dom.development.js:26
599:12) Error: useAuth must be used within an 
AuthProvider
    at useAuth (D:/Projetos/Controle-CMCB-XI-main/src/con
texts/AuthContext.tsx:139:11)
    at useTransactionItems (D:/Projetos/Controle-CMCB-XI-
main/src/hooks/use-pix-batch.ts:107:30)
    at TransactionItemsDialog (D:/Projetos/Controle-CMCB-
XI-main/src/components/transactions/TransactionItemsDialo
g.tsx:27:40)
    at renderWithHooks (D:\Projetos\Controle-CMCB-XI-main
\node_modules\react-dom\cjs\react-dom.development.js:1548
6:18)
    at mountIndeterminateComponent (D:\Projetos\Controle-
CMCB-XI-main\node_modules\react-dom\cjs\react-dom.develop
ment.js:20103:13)
    at beginWork (D:\Projetos\Controle-CMCB-XI-main\node_
modules\react-dom\cjs\react-dom.development.js:21626:16)
    at HTMLUnknownElement.callCallback (D:\Projetos\Contr
ole-CMCB-XI-main\node_modules\react-dom\cjs\react-dom.dev
elopment.js:4164:14)
    at HTMLUnknownElement.callTheUserObjectsOperation (D:
\Projetos\Controle-CMCB-XI-main\node_modules\jsdom\lib\js
dom\living\generated\EventListener.js:26:30)
    at innerInvokeEventListeners (D:\Projetos\Controle-CM
CB-XI-main\node_modules\jsdom\lib\jsdom\living\events\Eve
ntTarget-impl.js:350:25)
    at invokeEventListeners (D:\Projetos\Controle-CMCB-XI
-main\node_modules\jsdom\lib\jsdom\living\events\EventTar
get-impl.js:286:3)
[90mstderr[2m | 
src/test/pages/RelatoriosPage.test.tsx[2m > 
[22m[2mRelatoriosPage integration[2m > 
[22m[2mshould render action buttons
[22m[39mThe above error occurred in the 
<TransactionItemsDialog> component:

    at TransactionItemsDialog (D:/Projetos/Controle-CMCB-
XI-main/src/components/transactions/TransactionItemsDialo
g.tsx:16:35)
    at div
    at TransactionTable (D:/Projetos/Controle-CMCB-XI-mai
n/src/components/transactions/TransactionTable.tsx:20:29)
    at div
    at D:/Projetos/Controle-CMCB-XI-main/src/components/u
i/card.tsx:53:71
    at div
    at D:/Projetos/Controle-CMCB-XI-main/src/components/u
i/card.tsx:13:64
    at div
    at div
    at div
    at DashboardLayout (D:/Projetos/Controle-CMCB-XI-main
/src/test/pages/RelatoriosPage.test.tsx:16:29)
    at RelatoriosPage (D:/Projetos/Controle-CMCB-XI-main/
src/pages/RelatoriosPage.tsx:40:73)
    at QueryClientProvider (file:///D:/Projetos/Controle-
CMCB-XI-main/node_modules/@tanstack/react-query/build/mod
ern/QueryClientProvider.js:20:3)
    at D:/Projetos/Controle-CMCB-XI-main/src/test/pages/R
elatoriosPage.test.tsx:65:15

Consider adding an error boundary to your tree to 
customize error handling behavior.
Visit https://reactjs.org/link/error-boundaries to learn 
more about error boundaries.

 [31mÔØ»[39m src/test/pages/RelatoriosPage.test.tsx [2m([22m[2m4 tests[22m[2m | [22m[31m4 failed[39m[2m)[22m[33m 795[2mms[22m[39m
[31m     [31m├ù[31m should render page header and date controls[39m[33m 389[2mms[22m[39m
[31m     [31m├ù[31m should render report preview section[39m[32m 140[2mms[22m[39m
[31m     [31m├ù[31m should render transactions table in history section[39m[32m 153[2mms[22m[39m
[31m     [31m├ù[31m should render action buttons[39m[32m 108[2mms[22m[39m
[90mstderr[2m | 
src/test/components/MovimentarSaldoDialog.test.tsx[2m > 
[22m[2mMovimentarSaldoDialog component[2m > 
[22m[2mshould call onSubmit when confirmed
[22m[39mWarning: Missing `Description` or 
`aria-describedby={undefined}` for {DialogContent}.

[90mstderr[2m | 
src/test/components/AporteSaldoDialog.test.tsx[2m > 
[22m[2mAporteSaldoDialog component[2m > 
[22m[2mshould call createLedgerTransaction on submit
[22m[39mWarning: Missing `Description` or 
`aria-describedby={undefined}` for {DialogContent}.

[90mstderr[2m | 
src/test/components/EntradaRecursoDialog.test.tsx[2m > 
[22m[2mEntradaRecursoDialog component[2m > 
[22m[2mshould disable submit button if entity or 
account is missing
[22m[39mWarning: Missing `Description` or 
`aria-describedby={undefined}` for {DialogContent}.

 [32mÔ£ô[39m src/test/components/EntradaRecursoDialog.test.tsx [2m([22m[2m4 tests[22m[2m)[22m[33m 1267[2mms[22m[39m
     [33m[2mÔ£ô[22m[39m should render correctly when open [33m 557[2mms[22m[39m
[90mstderr[2m | 
src/test/components/AjustarSaldoDialog.test.tsx[2m > 
[22m[2mAjustarSaldoDialog component[2m > 
[22m[2mshould disable submit button if reason is too 
short
[22m[39mWarning: Missing `Description` or 
`aria-describedby={undefined}` for {DialogContent}.

 [32mÔ£ô[39m src/test/components/AjustarSaldoDialog.test.tsx [2m([22m[2m4 tests[22m[2m)[22m[33m 1488[2mms[22m[39m
     [33m[2mÔ£ô[22m[39m should render correctly when open [33m 550[2mms[22m[39m
     [33m[2mÔ£ô[22m[39m should open confirmation dialog and call onSubmit [33m 525[2mms[22m[39m
[90mstderr[2m | 
src/test/components/MovimentarSaldoDialog.test.tsx[2m > 
[22m[2mMovimentarSaldoDialog component[2m > 
[22m[2mshould disable confirmation button if 
description is too short
[22m[39mWarning: Missing `Description` or 
`aria-describedby={undefined}` for {DialogContent}.

 [32mÔ£ô[39m src/test/components/MovimentarSaldoDialog.test.tsx [2m([22m[2m5 tests[22m[2m)[22m[33m 1908[2mms[22m[39m
     [33m[2mÔ£ô[22m[39m should render correctly when open [33m 629[2mms[22m[39m
     [33m[2mÔ£ô[22m[39m should open confirmation dialog on click [33m 407[2mms[22m[39m
     [33m[2mÔ£ô[22m[39m should call onSubmit when confirmed [33m 444[2mms[22m[39m
[90mstderr[2m | 
src/test/components/ConsumoSaldoDialog.test.tsx[2m > 
[22m[2mConsumoSaldoDialog component[2m > 
[22m[2mshould call createLedgerTransaction for valid 
items on submit
[22m[39mWarning: Missing `Description` or 
`aria-describedby={undefined}` for {DialogContent}.

[90mstderr[2m | 
src/test/components/AporteSaldoDialog.test.tsx[2m > 
[22m[2mAporteSaldoDialog component[2m > 
[22m[2mshould disable submit button if description is 
too short
[22m[39mWarning: Missing `Description` or 
`aria-describedby={undefined}` for {DialogContent}.

 [32mÔ£ô[39m src/test/components/AporteSaldoDialog.test.tsx [2m([22m[2m3 tests[22m[2m)[22m[33m 1336[2mms[22m[39m
     [33m[2mÔ£ô[22m[39m should render correctly when open [33m 700[2mms[22m[39m
     [33m[2mÔ£ô[22m[39m should call createLedgerTransaction on submit [33m 405[2mms[22m[39m
 [32mÔ£ô[39m src/test/components/ConsumoSaldoDialog.test.tsx [2m([22m[2m3 tests[22m[2m)[22m[33m 1441[2mms[22m[39m
     [33m[2mÔ£ô[22m[39m should render correctly when open [33m 550[2mms[22m[39m
     [33m[2mÔ£ô[22m[39m should handle adding and removing batch items [33m 527[2mms[22m[39m
     [33m[2mÔ£ô[22m[39m should call createLedgerTransaction for valid items on submit [33m 360[2mms[22m[39m
[90mstderr[2m | 
src/test/components/GastoRecursoDialog.test.tsx[2m > 
[22m[2mGastoRecursoDialog component[2m > 
[22m[2mshould handle adding and removing batch items
[22m[39mWarning: Missing `Description` or 
`aria-describedby={undefined}` for {DialogContent}.

[90mstderr[2m | 
src/test/components/GastoRecursoDialog.test.tsx[2m > 
[22m[2mGastoRecursoDialog component[2m > 
[22m[2mshould call createLedgerTransaction for valid 
items on submit
[22m[39mWarning: Missing `Description` or 
`aria-describedby={undefined}` for {DialogContent}.

 [31mÔØ»[39m src/test/integration/ImportTest.test.tsx [2m([22m[2m5 tests[22m[2m | [22m[31m1 failed[39m[2m)[22m[33m 5971[2mms[22m[39m
       [33m[2mÔ£ô[22m[39m should import all page modules [33m 5927[2mms[22m[39m
       [32mÔ£ô[39m should import all hook modules[32m 17[2mms[22m[39m
[31m       [31m├ù[31m should import ledger module[39m[32m 20[2mms[22m[39m
       [32mÔ£ô[39m should import transaction components[32m 1[2mms[22m[39m
       [32mÔ£ô[39m should import form dialogs[32m 1[2mms[22m[39m
[90mstderr[2m | 
src/test/components/GastoRecursoDialog.test.tsx[2m > 
[22m[2mGastoRecursoDialog component[2m > 
[22m[2mshould show alert when balance will be negative
[22m[39mWarning: Missing `Description` or 
`aria-describedby={undefined}` for {DialogContent}.

 [32mÔ£ô[39m src/test/components/GastoRecursoDialog.test.tsx [2m([22m[2m4 tests[22m[2m)[22m[33m 2141[2mms[22m[39m
     [33m[2mÔ£ô[22m[39m should render correctly when open [33m 761[2mms[22m[39m
     [33m[2mÔ£ô[22m[39m should handle adding and removing batch items [33m 636[2mms[22m[39m
     [33m[2mÔ£ô[22m[39m should call createLedgerTransaction for valid items on submit [33m 531[2mms[22m[39m
 [32mÔ£ô[39m src/test/utils/date-utils.test.ts [2m([22m[2m12 tests[22m[2m)[22m[32m 95[2mms[22m[39m
 [32mÔ£ô[39m src/test/pages/LogPage.test.tsx [2m([22m[2m3 tests[22m[2m)[22m[33m 1173[2mms[22m[39m
     [33m[2mÔ£ô[22m[39m should render page header and filters [33m 687[2mms[22m[39m
 [32mÔ£ô[39m src/test/components/CurrencyInput.test.tsx [2m([22m[2m4 tests[22m[2m)[22m[33m 436[2mms[22m[39m
 [32mÔ£ô[39m src/test/hooks/use-saldos-actions.test.tsx [2m([22m[2m5 tests[22m[2m)[22m[32m 146[2mms[22m[39m
 [32mÔ£ô[39m src/test/components/DateInput.test.tsx [2m([22m[2m3 tests[22m[2m)[22m[32m 179[2mms[22m[39m
 [32mÔ£ô[39m src/test/hooks/use-merchants.test.tsx [2m([22m[2m2 tests[22m[2m)[22m[32m 187[2mms[22m[39m
[90mstderr[2m | 
src/test/hooks/use-associacao-actions.test.tsx[2m > 
[22m[2museAssociacaoActions hook[2m > [22m[2mshould 
handle successful mensalidade submission
[22m[39mWarning: An update to TestComponent inside a 
test was not wrapped in act(...).

When testing, code that causes React state updates 
should be wrapped into act(...):

act(() => {
  /* fire events that update state */
});
/* assert on the output */

This ensures that you're testing the behavior the user 
would see in the browser. Learn more at 
https://reactjs.org/link/wrap-tests-with-act
    at TestComponent (D:\Projetos\Controle-CMCB-XI-main\n
ode_modules\@testing-library\react\dist\pure.js:328:5)
    at QueryClientProvider (file:///D:/Projetos/Controle-
CMCB-XI-main/node_modules/@tanstack/react-query/build/mod
ern/QueryClientProvider.js:20:3)
    at wrapper (D:/Projetos/Controle-CMCB-XI-main/src/tes
t/hooks/use-associacao-actions.test.tsx:55:20)

[90mstderr[2m | 
src/test/hooks/use-associacao-actions.test.tsx[2m > 
[22m[2museAssociacaoActions hook[2m > [22m[2mshould 
handle successful mensalidade submission
[22m[39mWarning: An update to TestComponent inside a 
test was not wrapped in act(...).

When testing, code that causes React state updates 
should be wrapped into act(...):

act(() => {
  /* fire events that update state */
});
/* assert on the output */

This ensures that you're testing the behavior the user 
would see in the browser. Learn more at 
https://reactjs.org/link/wrap-tests-with-act
    at TestComponent (D:\Projetos\Controle-CMCB-XI-main\n
ode_modules\@testing-library\react\dist\pure.js:328:5)
    at QueryClientProvider (file:///D:/Projetos/Controle-
CMCB-XI-main/node_modules/@tanstack/react-query/build/mod
ern/QueryClientProvider.js:20:3)
    at wrapper (D:/Projetos/Controle-CMCB-XI-main/src/tes
t/hooks/use-associacao-actions.test.tsx:55:20)
Warning: An update to TestComponent inside a test was 
not wrapped in act(...).

When testing, code that causes React state updates 
should be wrapped into act(...):

act(() => {
  /* fire events that update state */
});
/* assert on the output */

This ensures that you're testing the behavior the user 
would see in the browser. Learn more at 
https://reactjs.org/link/wrap-tests-with-act
    at TestComponent (D:\Projetos\Controle-CMCB-XI-main\n
ode_modules\@testing-library\react\dist\pure.js:328:5)
    at QueryClientProvider (file:///D:/Projetos/Controle-
CMCB-XI-main/node_modules/@tanstack/react-query/build/mod
ern/QueryClientProvider.js:20:3)
    at wrapper (D:/Projetos/Controle-CMCB-XI-main/src/tes
t/hooks/use-associacao-actions.test.tsx:55:20)

[90mstderr[2m | 
src/test/hooks/use-associacao-actions.test.tsx[2m > 
[22m[2museAssociacaoActions hook[2m > [22m[2mshould 
handle successful gasto submission
[22m[39mWarning: An update to TestComponent inside a 
test was not wrapped in act(...).

When testing, code that causes React state updates 
should be wrapped into act(...):

act(() => {
  /* fire events that update state */
});
/* assert on the output */

This ensures that you're testing the behavior the user 
would see in the browser. Learn more at 
https://reactjs.org/link/wrap-tests-with-act
    at TestComponent (D:\Projetos\Controle-CMCB-XI-main\n
ode_modules\@testing-library\react\dist\pure.js:328:5)
    at QueryClientProvider (file:///D:/Projetos/Controle-
CMCB-XI-main/node_modules/@tanstack/react-query/build/mod
ern/QueryClientProvider.js:20:3)
    at wrapper (D:/Projetos/Controle-CMCB-XI-main/src/tes
t/hooks/use-associacao-actions.test.tsx:55:20)

[90mstderr[2m | 
src/test/hooks/use-associacao-actions.test.tsx[2m > 
[22m[2museAssociacaoActions hook[2m > [22m[2mshould 
handle successful gasto submission
[22m[39mWarning: An update to TestComponent inside a 
test was not wrapped in act(...).

When testing, code that causes React state updates 
should be wrapped into act(...):

act(() => {
  /* fire events that update state */
});
/* assert on the output */

This ensures that you're testing the behavior the user 
would see in the browser. Learn more at 
https://reactjs.org/link/wrap-tests-with-act
    at TestComponent (D:\Projetos\Controle-CMCB-XI-main\n
ode_modules\@testing-library\react\dist\pure.js:328:5)
    at QueryClientProvider (file:///D:/Projetos/Controle-
CMCB-XI-main/node_modules/@tanstack/react-query/build/mod
ern/QueryClientProvider.js:20:3)
    at wrapper (D:/Projetos/Controle-CMCB-XI-main/src/tes
t/hooks/use-associacao-actions.test.tsx:55:20)
Warning: An update to TestComponent inside a test was 
not wrapped in act(...).

When testing, code that causes React state updates 
should be wrapped into act(...):

act(() => {
  /* fire events that update state */
});
/* assert on the output */

This ensures that you're testing the behavior the user 
would see in the browser. Learn more at 
https://reactjs.org/link/wrap-tests-with-act
    at TestComponent (D:\Projetos\Controle-CMCB-XI-main\n
ode_modules\@testing-library\react\dist\pure.js:328:5)
    at QueryClientProvider (file:///D:/Projetos/Controle-
CMCB-XI-main/node_modules/@tanstack/react-query/build/mod
ern/QueryClientProvider.js:20:3)
    at wrapper (D:/Projetos/Controle-CMCB-XI-main/src/tes
t/hooks/use-associacao-actions.test.tsx:55:20)

[90mstderr[2m | 
src/test/hooks/use-associacao-actions.test.tsx[2m > 
[22m[2museAssociacaoActions hook[2m > [22m[2mshould 
handle successful transfer
[22m[39mWarning: An update to TestComponent inside a 
test was not wrapped in act(...).

When testing, code that causes React state updates 
should be wrapped into act(...):

act(() => {
  /* fire events that update state */
});
/* assert on the output */

This ensures that you're testing the behavior the user 
would see in the browser. Learn more at 
https://reactjs.org/link/wrap-tests-with-act
    at TestComponent (D:\Projetos\Controle-CMCB-XI-main\n
ode_modules\@testing-library\react\dist\pure.js:328:5)
    at QueryClientProvider (file:///D:/Projetos/Controle-
CMCB-XI-main/node_modules/@tanstack/react-query/build/mod
ern/QueryClientProvider.js:20:3)
    at wrapper (D:/Projetos/Controle-CMCB-XI-main/src/tes
t/hooks/use-associacao-actions.test.tsx:55:20)

[90mstderr[2m | 
src/test/hooks/use-associacao-actions.test.tsx[2m > 
[22m[2museAssociacaoActions hook[2m > [22m[2mshould 
handle successful transfer
[22m[39mWarning: An update to TestComponent inside a 
test was not wrapped in act(...).

When testing, code that causes React state updates 
should be wrapped into act(...):

act(() => {
  /* fire events that update state */
});
/* assert on the output */

This ensures that you're testing the behavior the user 
would see in the browser. Learn more at 
https://reactjs.org/link/wrap-tests-with-act
    at TestComponent (D:\Projetos\Controle-CMCB-XI-main\n
ode_modules\@testing-library\react\dist\pure.js:328:5)
    at QueryClientProvider (file:///D:/Projetos/Controle-
CMCB-XI-main/node_modules/@tanstack/react-query/build/mod
ern/QueryClientProvider.js:20:3)
    at wrapper (D:/Projetos/Controle-CMCB-XI-main/src/tes
t/hooks/use-associacao-actions.test.tsx:55:20)
Warning: An update to TestComponent inside a test was 
not wrapped in act(...).

When testing, code that causes React state updates 
should be wrapped into act(...):

act(() => {
  /* fire events that update state */
});
/* assert on the output */

This ensures that you're testing the behavior the user 
would see in the browser. Learn more at 
https://reactjs.org/link/wrap-tests-with-act
    at TestComponent (D:\Projetos\Controle-CMCB-XI-main\n
ode_modules\@testing-library\react\dist\pure.js:328:5)
    at QueryClientProvider (file:///D:/Projetos/Controle-
CMCB-XI-main/node_modules/@tanstack/react-query/build/mod
ern/QueryClientProvider.js:20:3)
    at wrapper (D:/Projetos/Controle-CMCB-XI-main/src/tes
t/hooks/use-associacao-actions.test.tsx:55:20)

[90mstderr[2m | 
src/test/hooks/use-associacao-actions.test.tsx[2m > 
[22m[2museAssociacaoActions hook[2m > [22m[2mshould 
handle manual adjustment
[22m[39mWarning: An update to TestComponent inside a 
test was not wrapped in act(...).

When testing, code that causes React state updates 
should be wrapped into act(...):

act(() => {
  /* fire events that update state */
});
/* assert on the output */

This ensures that you're testing the behavior the user 
would see in the browser. Learn more at 
https://reactjs.org/link/wrap-tests-with-act
    at TestComponent (D:\Projetos\Controle-CMCB-XI-main\n
ode_modules\@testing-library\react\dist\pure.js:328:5)
    at QueryClientProvider (file:///D:/Projetos/Controle-
CMCB-XI-main/node_modules/@tanstack/react-query/build/mod
ern/QueryClientProvider.js:20:3)
    at wrapper (D:/Projetos/Controle-CMCB-XI-main/src/tes
t/hooks/use-associacao-actions.test.tsx:55:20)

[90mstderr[2m | 
src/test/hooks/use-associacao-actions.test.tsx[2m > 
[22m[2museAssociacaoActions hook[2m > [22m[2mshould 
handle manual adjustment
[22m[39mWarning: An update to TestComponent inside a 
test was not wrapped in act(...).

When testing, code that causes React state updates 
should be wrapped into act(...):

act(() => {
  /* fire events that update state */
});
/* assert on the output */

This ensures that you're testing the behavior the user 
would see in the browser. Learn more at 
https://reactjs.org/link/wrap-tests-with-act
    at TestComponent (D:\Projetos\Controle-CMCB-XI-main\n
ode_modules\@testing-library\react\dist\pure.js:328:5)
    at QueryClientProvider (file:///D:/Projetos/Controle-
CMCB-XI-main/node_modules/@tanstack/react-query/build/mod
ern/QueryClientProvider.js:20:3)
    at wrapper (D:/Projetos/Controle-CMCB-XI-main/src/tes
t/hooks/use-associacao-actions.test.tsx:55:20)
Warning: An update to TestComponent inside a test was 
not wrapped in act(...).

When testing, code that causes React state updates 
should be wrapped into act(...):

act(() => {
  /* fire events that update state */
});
/* assert on the output */

This ensures that you're testing the behavior the user 
would see in the browser. Learn more at 
https://reactjs.org/link/wrap-tests-with-act
    at TestComponent (D:\Projetos\Controle-CMCB-XI-main\n
ode_modules\@testing-library\react\dist\pure.js:328:5)
    at QueryClientProvider (file:///D:/Projetos/Controle-
CMCB-XI-main/node_modules/@tanstack/react-query/build/mod
ern/QueryClientProvider.js:20:3)
    at wrapper (D:/Projetos/Controle-CMCB-XI-main/src/tes
t/hooks/use-associacao-actions.test.tsx:55:20)

 [32mÔ£ô[39m src/test/hooks/use-associacao-actions.test.tsx [2m([22m[2m7 tests[22m[2m)[22m[33m 319[2mms[22m[39m
 [32mÔ£ô[39m src/test/components/TransactionTable.test.tsx [2m([22m[2m4 tests[22m[2m)[22m[33m 696[2mms[22m[39m
     [33m[2mÔ£ô[22m[39m should render transactions correctly [33m 510[2mms[22m[39m
 [32mÔ£ô[39m src/test/pages/DashboardPage.test.tsx [2m([22m[2m4 tests[22m[2m)[22m[33m 1243[2mms[22m[39m
     [33m[2mÔ£ô[22m[39m should render page header and summary totals [33m 454[2mms[22m[39m
     [33m[2mÔ£ô[22m[39m should render quick action cards [33m 345[2mms[22m[39m
 [32mÔ£ô[39m src/test/pages/SaldosPage.test.tsx [2m([22m[2m2 tests[22m[2m)[22m[33m 485[2mms[22m[39m
     [33m[2mÔ£ô[22m[39m should render page header and merchant balance cards [33m 385[2mms[22m[39m
 [32mÔ£ô[39m src/test/pages/RecursosPage.test.tsx [2m([22m[2m4 tests[22m[2m)[22m[33m 510[2mms[22m[39m
     [33m[2mÔ£ô[22m[39m should render page header and entity columns [33m 367[2mms[22m[39m
 [32mÔ£ô[39m src/test/utils/currency.test.ts [2m([22m[2m19 tests[22m[2m)[22m[32m 38[2mms[22m[39m
 [32mÔ£ô[39m src/test/utils/sorting.test.ts [2m([22m[2m3 tests[22m[2m)[22m[32m 19[2mms[22m[39m
[90mstderr[2m | 
src/test/utils/domain-balances.test.ts[2m > 
[22m[2mgetAccountBalanceCents[2m > [22m[2mshould 
throw error when Supabase returns an error
[22m[39mErro ao buscar saldo da conta error-account: { 
message: [32m'Database error'[39m }

 [32mÔ£ô[39m src/test/utils/domain-balances.test.ts [2m([22m[2m3 tests[22m[2m)[22m[32m 7[2mms[22m[39m
 [32mÔ£ô[39m src/test/utils/account-display.test.ts [2m([22m[2m6 tests[22m[2m)[22m[32m 5[2mms[22m[39m
 [32mÔ£ô[39m src/test/example.test.ts [2m([22m[2m1 test[22m[2m)[22m[32m 3[2mms[22m[39m

[31mÔÄ»ÔÄ»ÔÄ»ÔÄ»ÔÄ»ÔÄ»ÔÄ»[39m[1m[41m Failed Tests 9 
[49m[22m[31mÔÄ»ÔÄ»ÔÄ»ÔÄ»ÔÄ»ÔÄ»ÔÄ»[39m

[41m[1m FAIL [22m[49m 
src/test/hooks/use-entity-transactions.test.tsx[2m > 
[22museSaldosTransactions hook[2m > [22mshould filter 
and map ledger transactions correctly (including 
migrated ones)
[31m[1mAssertionError[22m: expected [ { id: 'l1', 
ÔÇª(22) }, ÔÇª(2) ] to have a length of 2 but got 3[39m

[32m- Expected[39m
[31m+ Received[39m

[32m- 2[39m
[31m+ 3[39m

[36m [2mÔØ»[22m src/test/hooks/use-entity-transactions
.test.tsx:[2m148:37[22m[39m
    [90m146| [39m        await waitFor(() => 
expect(result.current.isSuccess).toBe(trueÔÇª
    [90m147| [39m
    [90m148| [39m        [34mexpect[39m(result[33m.
[39mcurrent[33m.[39mdata)[33m.[39m[34mtoHaveLength[
39m([34m2[39m)[33m;[39m
    [90m   | [39m                                    
[31m^[39m
    [90m149| [39m        [34mexpect[39m(result[33m.
[39mcurrent[33m.[39mdata[33m![39m[[34m0[39m][33m.
[39mid)[33m.[39m[34mtoBe[39m([32m"l1"[39m)[33m;[3
9m
    [90m150| [39m        
expect(result.current.data![1].id).toBe("l2"); // 
Migrated oneÔÇª

[31m[2mÔÄ»ÔÄ»ÔÄ»ÔÄ»ÔÄ»ÔÄ»ÔÄ»ÔÄ»ÔÄ»ÔÄ»ÔÄ»ÔÄ»ÔÄ»ÔÄ»ÔÄ»ÔÄ»
ÔÄ»ÔÄ»ÔÄ»ÔÄ»ÔÄ»ÔÄ»ÔÄ»ÔÄ»[1/9]ÔÄ»[22m[39m

[41m[1m FAIL [22m[49m 
src/test/integration/ImportTest.test.tsx[2m > 
[22mImport Test - Category Coverage 100%[2m > 
[22mDomain Logic[2m > [22mshould import ledger module
[31m[1mAssertionError[22m: expected undefined to be 
defined[39m
[36m [2mÔØ»[22m src/test/integration/ImportTest.test.t
sx:[2m56:52[22m[39m
    [90m 54| [39m        [34mit[39m([32m"should 
import ledger module"[39m[33m,[39m [35masync[39m () 
[33m=>[39m {
    [90m 55| [39m            [35mconst[39m ledger 
[33m=[39m [35mawait[39m 
[35mimport[39m([32m"@/domain/ledger"[39m)[33m;[39m
    [90m 56| [39m            [34mexpect[39m(ledger[3
3m.[39mcreateLedgerTransaction)[33m.[39m[34mtoBeDefin
ed[39m()[33m;[39m
    [90m   | [39m                                      
             [31m^[39m
    [90m 57| [39m        })[33m;[39m
    [90m 58| [39m    })[33m;[39m

[31m[2mÔÄ»ÔÄ»ÔÄ»ÔÄ»ÔÄ»ÔÄ»ÔÄ»ÔÄ»ÔÄ»ÔÄ»ÔÄ»ÔÄ»ÔÄ»ÔÄ»ÔÄ»ÔÄ»
ÔÄ»ÔÄ»ÔÄ»ÔÄ»ÔÄ»ÔÄ»ÔÄ»ÔÄ»[2/9]ÔÄ»[22m[39m

[41m[1m FAIL [22m[49m 
src/test/pages/AssociacaoPage.test.tsx[2m > 
[22mAssociacaoPage integration[2m > [22mshould render 
page header and balance cards
[41m[1m FAIL [22m[49m 
src/test/pages/AssociacaoPage.test.tsx[2m > 
[22mAssociacaoPage integration[2m > [22mshould render 
action cards
[41m[1m FAIL [22m[49m 
src/test/pages/AssociacaoPage.test.tsx[2m > 
[22mAssociacaoPage integration[2m > [22mshould render 
the transaction history table
[31m[1mError[22m: useAuth must be used within an 
AuthProvider[39m
[36m [2mÔØ»[22m useAuth 
src/contexts/AuthContext.tsx:[2m139:11[22m[39m
    [90m137| [39m  [35mconst[39m context [33m=[39m 
[34museContext[39m([33mAuthContext[39m)[33m;[39m
    [90m138| [39m  [35mif[39m (context [33m===[39m 
undefined) {
    [90m139| [39m    [35mthrow[39m [35mnew[39m 
[33mError[39m([32m"useAuth must be used within an 
AuthProvider"[39m)[33m;[39m
    [90m   | [39m          [31m^[39m
    [90m140| [39m  }
    [90m141| [39m  [35mreturn[39m context[33m;[39m
[90m [2mÔØ»[22m AssociacaoPage 
src/pages/AssociacaoPage.tsx:[2m63:46[22m[39m
[90m [2mÔØ»[22m renderWithHooks node_modules/react-dom
/cjs/react-dom.development.js:[2m15486:18[22m[39m
[90m [2mÔØ»[22m mountIndeterminateComponent node_modul
es/react-dom/cjs/react-dom.development.js:[2m20103:13[2
2m[39m
[90m [2mÔØ»[22m beginWork node_modules/react-dom/cjs/r
eact-dom.development.js:[2m21626:16[22m[39m
[90m [2mÔØ»[22m beginWork$1 node_modules/react-dom/cjs
/react-dom.development.js:[2m27465:14[22m[39m
[90m [2mÔØ»[22m performUnitOfWork node_modules/react-d
om/cjs/react-dom.development.js:[2m26599:12[22m[39m
[90m [2mÔØ»[22m workLoopSync node_modules/react-dom/cj
s/react-dom.development.js:[2m26505:5[22m[39m
[90m [2mÔØ»[22m renderRootSync node_modules/react-dom/
cjs/react-dom.development.js:[2m26473:7[22m[39m
[90m [2mÔØ»[22m recoverFromConcurrentError node_module
s/react-dom/cjs/react-dom.development.js:[2m25889:20[22
m[39m

[31m[2mÔÄ»ÔÄ»ÔÄ»ÔÄ»ÔÄ»ÔÄ»ÔÄ»ÔÄ»ÔÄ»ÔÄ»ÔÄ»ÔÄ»ÔÄ»ÔÄ»ÔÄ»ÔÄ»
ÔÄ»ÔÄ»ÔÄ»ÔÄ»ÔÄ»ÔÄ»ÔÄ»ÔÄ»[3/9]ÔÄ»[22m[39m

[41m[1m FAIL [22m[49m 
src/test/pages/RelatoriosPage.test.tsx[2m > 
[22mRelatoriosPage integration[2m > [22mshould render 
page header and date controls
[41m[1m FAIL [22m[49m 
src/test/pages/RelatoriosPage.test.tsx[2m > 
[22mRelatoriosPage integration[2m > [22mshould render 
report preview section
[41m[1m FAIL [22m[49m 
src/test/pages/RelatoriosPage.test.tsx[2m > 
[22mRelatoriosPage integration[2m > [22mshould render 
transactions table in history section
[41m[1m FAIL [22m[49m 
src/test/pages/RelatoriosPage.test.tsx[2m > 
[22mRelatoriosPage integration[2m > [22mshould render 
action buttons
[31m[1mError[22m: useAuth must be used within an 
AuthProvider[39m
[36m [2mÔØ»[22m useAuth 
src/contexts/AuthContext.tsx:[2m139:11[22m[39m
    [90m137| [39m  [35mconst[39m context [33m=[39m 
[34museContext[39m([33mAuthContext[39m)[33m;[39m
    [90m138| [39m  [35mif[39m (context [33m===[39m 
undefined) {
    [90m139| [39m    [35mthrow[39m [35mnew[39m 
[33mError[39m([32m"useAuth must be used within an 
AuthProvider"[39m)[33m;[39m
    [90m   | [39m          [31m^[39m
    [90m140| [39m  }
    [90m141| [39m  [35mreturn[39m context[33m;[39m
[90m [2mÔØ»[22m useTransactionItems 
src/hooks/use-pix-batch.ts:[2m107:30[22m[39m
[90m [2mÔØ»[22m TransactionItemsDialog src/components/
transactions/TransactionItemsDialog.tsx:[2m27:40[22m[3
9m
[90m [2mÔØ»[22m renderWithHooks node_modules/react-dom
/cjs/react-dom.development.js:[2m15486:18[22m[39m
[90m [2mÔØ»[22m mountIndeterminateComponent node_modul
es/react-dom/cjs/react-dom.development.js:[2m20103:13[2
2m[39m
[90m [2mÔØ»[22m beginWork node_modules/react-dom/cjs/r
eact-dom.development.js:[2m21626:16[22m[39m
[90m [2mÔØ»[22m beginWork$1 node_modules/react-dom/cjs
/react-dom.development.js:[2m27465:14[22m[39m
[90m [2mÔØ»[22m performUnitOfWork node_modules/react-d
om/cjs/react-dom.development.js:[2m26599:12[22m[39m
[90m [2mÔØ»[22m workLoopSync node_modules/react-dom/cj
s/react-dom.development.js:[2m26505:5[22m[39m
[90m [2mÔØ»[22m renderRootSync node_modules/react-dom/
cjs/react-dom.development.js:[2m26473:7[22m[39m

[31m[2mÔÄ»ÔÄ»ÔÄ»ÔÄ»ÔÄ»ÔÄ»ÔÄ»ÔÄ»ÔÄ»ÔÄ»ÔÄ»ÔÄ»ÔÄ»ÔÄ»ÔÄ»ÔÄ»
ÔÄ»ÔÄ»ÔÄ»ÔÄ»ÔÄ»ÔÄ»ÔÄ»ÔÄ»[4/9]ÔÄ»[22m[39m


[2m Test Files [22m [1m[31m4 failed[39m[22m[2m | [22m[1m[32m23 passed[39m[22m[90m (27)[39m
[2m      Tests [22m [1m[31m9 failed[39m[22m[2m | [22m[1m[32m113 passed[39m[22m[90m (122)[39m
[2m   Start at [22m 22:53:40
[2m   Duration [22m 25.51s[2m (transform 12.07s, setup 17.82s, import 65.60s, tests 23.80s, environment 123.04s)[22m

